This is pdfTeX, Version 3.14159265-2.6-1.40.16 (MiKTeX 2.9) (preloaded format=pdflatex 2016.5.13)  18 MAY 2016 10:17
entering extended mode
**./Latex_Tutor.tex
(Latex_Tutor.tex
LaTeX2e <2015/10/01> patch level 2
Babel <3.9n> and hyphenation patterns for 69 languages loaded.
("C:\Users\hou\Desktop\Baidu Map\1\2\tex\latex\base\article.cls"
Document Class: article 2014/09/29 v1.4h Standard LaTeX document class
("C:\Users\hou\Desktop\Baidu Map\1\2\tex\latex\base\size10.clo"
File: size10.clo 2014/09/29 v1.4h Standard LaTeX file (size option)
)
\c@part=\count79
\c@section=\count80
\c@subsection=\count81
\c@subsubsection=\count82
\c@paragraph=\count83
\c@subparagraph=\count84
\c@figure=\count85
\c@table=\count86
\abovecaptionskip=\skip41
\belowcaptionskip=\skip42
\bibindent=\dimen102
)
(Latex_Tutor.aux)
\openout1 = `Latex_Tutor.aux'.

LaTeX Font Info:    Checking defaults for OML/cmm/m/it on input line 2.
LaTeX Font Info:    ... okay on input line 2.
LaTeX Font Info:    Checking defaults for T1/cmr/m/n on input line 2.
LaTeX Font Info:    ... okay on input line 2.
LaTeX Font Info:    Checking defaults for OT1/cmr/m/n on input line 2.
LaTeX Font Info:    ... okay on input line 2.
LaTeX Font Info:    Checking defaults for OMS/cmsy/m/n on input line 2.
LaTeX Font Info:    ... okay on input line 2.
LaTeX Font Info:    Checking defaults for OMX/cmex/m/n on input line 2.
LaTeX Font Info:    ... okay on input line 2.
LaTeX Font Info:    Checking defaults for U/cmr/m/n on input line 2.
LaTeX Font Info:    ... okay on input line 2.
LaTeX Font Info:    External font `cmex10' loaded for size
(Font)              <7> on input line 3.
LaTeX Font Info:    External font `cmex10' loaded for size
(Font)              <5> on input line 3.

Underfull \hbox (badness 10000) in paragraph at lines 19--23

 []

[1

{C:/Users/hou/AppData/Local/MiKTeX/2.9/pdftex/config/pdftex.map}] [2]
(Latex_Tutor.aux) ) 
Here is how much of TeX's memory you used:
 217 strings out of 493634
 2343 string characters out of 3140915
 56604 words of memory out of 3000000
 3682 multiletter control sequences out of 15000+200000
 5867 words of font info for 21 fonts, out of 3000000 for 9000
 1025 hyphenation exceptions out of 8191
 23i,4n,17p,137b,114s stack positions out of 5000i,500n,10000p,200000b,50000s
<C:/Users/hou/Desktop/Baidu Map/1/2/fonts/type1/public/amsfo
nts/cm/cmbx10.pfb><C:/Users/hou/Desktop/Baidu Map/1/2/fonts/type1/public/amsfon
ts/cm/cmbx12.pfb><C:/Users/hou/Desktop/Baidu Map/1/2/fonts/type1/public/amsfont
s/cm/cmbxti10.pfb><C:/Users/hou/Desktop/Baidu Map/1/2/fonts/type1/public/amsfon
ts/cm/cmcsc10.pfb><C:/Users/hou/Desktop/Baidu Map/1/2/fonts/type1/public/amsfon
ts/cm/cmr10.pfb><C:/Users/hou/Desktop/Baidu Map/1/2/fonts/type1/public/amsfonts
/cm/cmr7.pfb><C:/Users/hou/Desktop/Baidu Map/1/2/fonts/type1/public/amsfonts/cm
/cmss10.pfb><C:/Users/hou/Desktop/Baidu Map/1/2/fonts/type1/public/amsfonts/cm/
cmti10.pfb>
Output written on Latex_Tutor.pdf (2 pages, 98693 bytes).
PDF statistics:
 41 PDF objects out of 1000 (max. 8388607)
 0 named destinations out of 1000 (max. 500000)
 1 words of extra memory for PDF output out of 10000 (max. 10000000)

